[2017-01-16 18:23:05]
Array
(
    [school_id] => 4
)


[2017-01-16 18:23:12]
Array
(
    [school_id] => 4
)


[2017-01-16 18:23:51]
Array
(
    [school_id] => 4
)


[2017-01-16 18:23:52]
Array
(
    [school_id] => 4
)


[2017-01-16 18:23:53]
Array
(
    [school_id] => 4
)


[2017-01-16 18:24:00]
Array
(
    [school_id] => 4
)


[2017-01-16 18:24:24]
Array
(
    [school_id] => 4
)


[2017-01-16 18:25:11]
Array
(
    [name] => 测试234
    [gender] => 1
    [birthday] => 2017-01-16
    [class_id] => 35
    [status] => 1
    [parent1] => Array
        (
            [relation_id] => 1
            [relation_title] => 
            [phone] => 13685900001
        )

    [parent2] => Array
        (
            [relation_id] => 2
            [relation_title] => 
            [phone] => 13685900002
        )

    [parent3] => Array
        (
            [relation_id] => 3
            [relation_title] => 
            [phone] => 13685900003
        )

    [parent4] => Array
        (
            [relation_id] => 4
            [relation_title] => 
            [phone] => 13685900004
        )

    [parent5] => Array
        (
            [relation_id] => 5
            [relation_title] => 
            [phone] => 13685900005
        )

    [parent6] => Array
        (
            [relation_id] => 6
            [relation_title] => 
            [phone] => 13685900006
        )

    [school_id] => 4
)


[2017-01-16 18:25:13]
Array
(
    [school_id] => 4
)


