[2017-01-11 17:18:48]
Array
(
    [allow] => Array
        (
            [0] => 11
        )

    [deny] => Array
        (
            [0] => 0
            [1] => ACT_USER_ROLE
            [2] => 2
        )

    [direct] => ?c=index&a=login
)


[2017-01-11 17:18:48]
Array
(
    [allow] => Array
        (
            [0] => 11
        )

    [deny] => Array
        (
            [0] => 0
            [1] => ACT_USER_ROLE
            [2] => 2
        )

    [direct] => ?c=index&a=login
)


[2017-01-11 17:18:48]
Array
(
    [allow] => Array
        (
            [0] => 11
        )

    [deny] => Array
        (
            [0] => 0
            [1] => ACT_USER_ROLE
            [2] => 2
        )

    [direct] => ?c=index&a=login
)


[2017-01-11 17:18:48]
Array
(
    [allow] => Array
        (
            [0] => 11
        )

    [deny] => Array
        (
            [0] => 0
            [1] => ACT_USER_ROLE
            [2] => 2
        )

    [direct] => ?c=index&a=login
)


[2017-01-11 17:18:48]
Array
(
    [allow] => Array
        (
            [0] => 11
        )

    [deny] => Array
        (
            [0] => 0
            [1] => ACT_USER_ROLE
            [2] => 2
        )

    [direct] => ?c=index&a=login
)


[2017-01-11 17:18:48]
Array
(
    [allow] => Array
        (
            [0] => 11
        )

    [deny] => Array
        (
            [0] => 0
            [1] => ACT_USER_ROLE
            [2] => 2
        )

    [direct] => ?c=index&a=login
)


[2017-01-11 17:18:48]
Array
(
    [allow] => Array
        (
            [0] => 11
        )

    [deny] => Array
        (
            [0] => 0
            [1] => ACT_USER_ROLE
            [2] => 2
        )

    [direct] => ?c=index&a=login
)


[2017-01-11 17:18:48]
Array
(
    [allow] => Array
        (
            [0] => 11
        )

    [deny] => Array
        (
            [0] => 0
            [1] => ACT_USER_ROLE
            [2] => 2
        )

    [direct] => ?c=index&a=login
)


[2017-01-11 17:18:48]
Array
(
    [allow] => Array
        (
            [0] => 11
        )

    [deny] => Array
        (
            [0] => 0
            [1] => ACT_USER_ROLE
            [2] => 2
        )

    [direct] => ?c=index&a=login
)


[2017-01-11 17:18:53]
Array
(
    [allow] => Array
        (
            [0] => 11
        )

    [deny] => Array
        (
            [0] => 0
            [1] => ACT_USER_ROLE
            [2] => 2
        )

    [direct] => ?c=index&a=login
)


[2017-01-11 17:18:54]
Array
(
    [allow] => Array
        (
            [0] => 11
        )

    [deny] => Array
        (
            [0] => 0
            [1] => ACT_USER_ROLE
            [2] => 2
        )

    [direct] => ?c=index&a=login
)


[2017-01-11 17:18:54]
Array
(
    [allow] => Array
        (
            [0] => 11
        )

    [deny] => Array
        (
            [0] => 0
            [1] => ACT_USER_ROLE
            [2] => 2
        )

    [direct] => ?c=index&a=login
)


[2017-01-11 17:18:54]
Array
(
    [allow] => Array
        (
            [0] => 11
        )

    [deny] => Array
        (
            [0] => 0
            [1] => ACT_USER_ROLE
            [2] => 2
        )

    [direct] => ?c=index&a=login
)


[2017-01-11 17:18:54]
Array
(
    [allow] => Array
        (
            [0] => 11
        )

    [deny] => Array
        (
            [0] => 0
            [1] => ACT_USER_ROLE
            [2] => 2
        )

    [direct] => ?c=index&a=login
)


[2017-01-11 17:18:54]
Array
(
    [allow] => Array
        (
            [0] => 11
        )

    [deny] => Array
        (
            [0] => 0
            [1] => ACT_USER_ROLE
            [2] => 2
        )

    [direct] => ?c=index&a=login
)


[2017-01-11 17:18:54]
Array
(
    [allow] => Array
        (
            [0] => 11
        )

    [deny] => Array
        (
            [0] => 0
            [1] => ACT_USER_ROLE
            [2] => 2
        )

    [direct] => ?c=index&a=login
)


[2017-01-11 17:18:54]
Array
(
    [allow] => Array
        (
            [0] => 11
        )

    [deny] => Array
        (
            [0] => 0
            [1] => ACT_USER_ROLE
            [2] => 2
        )

    [direct] => ?c=index&a=login
)


[2017-01-11 17:18:54]
Array
(
    [allow] => Array
        (
            [0] => 11
        )

    [deny] => Array
        (
            [0] => 0
            [1] => ACT_USER_ROLE
            [2] => 2
        )

    [direct] => ?c=index&a=login
)


