[2017-01-19 09:37:15]
-------99--------

[2017-01-19 09:37:15]
-------1--------

[2017-01-19 09:37:15]
-------2--------Array
(
    [school_id] => 4
)


[2017-01-19 09:39:15]
-------99--------Array
(
    [name] => 杨过
    [gender] => 1
    [birthday] => 2017-01-19
    [class_id] => 37
    [status] => 1
    [parent1] => Array
        (
            [relation_id] => 1
            [relation_title] => 
            [phone] => 13456789123
            [id] => 
        )

    [parent2] => Array
        (
            [relation_id] => 3
            [relation_title] => 
            [phone] => 14785219635
            [id] => 
        )

    [parent3] => Array
        (
            [relation_id] => 5
            [relation_title] => 
            [phone] => 18695237462
            [id] => 
        )

    [parent4] => Array
        (
            [relation_id] => 99
            [relation_title] => 姑父
            [phone] => 13030526659
            [id] => 
        )

)


[2017-01-19 09:39:15]
-------1--------Array
(
    [0] => Array
        (
            [relation_id] => 1
            [relation_title] => 
            [phone] => 13456789123
            [id] => 
        )

    [1] => Array
        (
            [relation_id] => 3
            [relation_title] => 
            [phone] => 14785219635
            [id] => 
        )

    [2] => Array
        (
            [relation_id] => 5
            [relation_title] => 
            [phone] => 18695237462
            [id] => 
        )

    [3] => Array
        (
            [relation_id] => 99
            [relation_title] => 姑父
            [phone] => 13030526659
            [id] => 
        )

)


[2017-01-19 09:39:15]
-------2--------Array
(
    [name] => 杨过
    [gender] => 1
    [birthday] => 2017-01-19
    [class_id] => 37
    [status] => 1
    [school_id] => 4
)


[2017-01-19 09:39:15]
------3---------Array
(
    [relation_id] => 1
    [relation_title] => 
    [phone] => 13456789123
    [id] => 
    [school_id] => 4
    [type] => 1
    [status] => 1
    [class_id] => 37
)


[2017-01-19 09:39:15]
------5---------89

[2017-01-19 09:39:15]
------3---------Array
(
    [relation_id] => 3
    [relation_title] => 
    [phone] => 14785219635
    [id] => 
    [school_id] => 4
    [type] => 1
    [status] => 1
    [class_id] => 37
)


[2017-01-19 09:39:15]
------5---------90

[2017-01-19 09:39:15]
------3---------Array
(
    [relation_id] => 5
    [relation_title] => 
    [phone] => 18695237462
    [id] => 
    [school_id] => 4
    [type] => 1
    [status] => 1
    [class_id] => 37
)


[2017-01-19 09:39:15]
------5---------91

[2017-01-19 09:39:15]
------3---------Array
(
    [relation_id] => 99
    [relation_title] => 姑父
    [phone] => 13030526659
    [id] => 
    [school_id] => 4
    [type] => 1
    [status] => 1
    [class_id] => 37
)


[2017-01-19 09:39:15]
------5---------92

[2017-01-19 09:39:17]
-------99--------

[2017-01-19 09:39:17]
-------1--------

[2017-01-19 09:39:17]
-------2--------Array
(
    [school_id] => 4
)


[2017-01-19 09:39:33]
-------99--------

[2017-01-19 09:39:33]
-------1--------

[2017-01-19 09:39:33]
-------2--------Array
(
    [school_id] => 4
)


[2017-01-19 09:39:46]
-------99--------Array
(
    [id] => 1697
    [name] => 杨过
    [gender] => 1
    [birthday] => 2017-01-19
    [class_id] => 37
    [status] => 1
    [parent0] => Array
        (
            [id] => 89
            [relation_id] => 1
            [relation_title] => 爸爸
            [phone] => 13456788641
        )

    [parent1] => Array
        (
            [id] => 90
            [relation_id] => 3
            [relation_title] => 爷爷
            [phone] => 14785219635
        )

    [parent2] => Array
        (
            [id] => 91
            [relation_id] => 5
            [relation_title] => 外公
            [phone] => 18695237462
        )

    [parent3] => Array
        (
            [id] => 92
            [relation_id] => 99
            [relation_title] => 姑父
            [phone] => 13030526659
        )

)


[2017-01-19 09:39:46]
-------1--------Array
(
    [0] => 1
    [1] => Array
        (
            [id] => 89
            [relation_id] => 1
            [relation_title] => 爸爸
            [phone] => 13456788641
        )

    [2] => Array
        (
            [id] => 90
            [relation_id] => 3
            [relation_title] => 爷爷
            [phone] => 14785219635
        )

    [3] => Array
        (
            [id] => 91
            [relation_id] => 5
            [relation_title] => 外公
            [phone] => 18695237462
        )

    [4] => Array
        (
            [id] => 92
            [relation_id] => 99
            [relation_title] => 姑父
            [phone] => 13030526659
        )

)


[2017-01-19 09:39:46]
-------2--------Array
(
    [id] => 1697
    [name] => 杨过
    [gender] => 1
    [birthday] => 2017-01-19
    [class_id] => 37
    [school_id] => 4
)


[2017-01-19 09:39:46]
------3---------3

[2017-01-19 09:39:46]
------4---------Array
(
    [phone] => 该手机号码格式不正确
)


[2017-01-19 09:39:46]
------3---------Array
(
    [id] => 89
    [relation_id] => 1
    [relation_title] => 爸爸
    [phone] => 13456788641
    [school_id] => 4
    [type] => 1
    [status] => 1
    [class_id] => 37
)


[2017-01-19 09:39:46]
------5---------89

[2017-01-19 09:39:46]
-------6--------89

[2017-01-19 09:39:46]
------3---------Array
(
    [id] => 90
    [relation_id] => 3
    [relation_title] => 爷爷
    [phone] => 14785219635
    [school_id] => 4
    [type] => 1
    [status] => 1
    [class_id] => 37
)


[2017-01-19 09:39:46]
------5---------90

[2017-01-19 09:39:46]
-------6--------90

[2017-01-19 09:39:46]
------3---------Array
(
    [id] => 91
    [relation_id] => 5
    [relation_title] => 外公
    [phone] => 18695237462
    [school_id] => 4
    [type] => 1
    [status] => 1
    [class_id] => 37
)


[2017-01-19 09:39:46]
------5---------91

[2017-01-19 09:39:46]
-------6--------91

[2017-01-19 09:39:46]
------3---------Array
(
    [id] => 92
    [relation_id] => 99
    [relation_title] => 姑父
    [phone] => 13030526659
    [school_id] => 4
    [type] => 1
    [status] => 1
    [class_id] => 37
)


[2017-01-19 09:39:46]
------5---------92

[2017-01-19 09:39:48]
-------99--------

[2017-01-19 09:39:48]
-------1--------

[2017-01-19 09:39:48]
-------2--------Array
(
    [school_id] => 4
)


[2017-01-19 14:33:22]
-------99--------

[2017-01-19 14:33:22]
-------1--------

[2017-01-19 14:33:22]
-------2--------Array
(
    [school_id] => 4
)


