[2017-01-17 10:19:54]
Array
(
    [parent_list] => 
    [school_id] => 4
)


[2017-01-17 10:28:15]
Array
(
    [name] => 测试159
    [gender] => 1
    [birthday] => 2017-01-17
    [class_id] => 36
    [status] => 1
    [parent_list] => Array
        (
            [0] => Array
                (
                    [relation_id] => 1
                    [relation_title] => 
                    [phone] => 13685900001
                )

            [1] => Array
                (
                    [relation_id] => 2
                    [relation_title] => 
                    [phone] => 13685900002
                )

            [2] => Array
                (
                    [relation_id] => 3
                    [relation_title] => 
                    [phone] => 13685900003
                )

            [3] => Array
                (
                    [relation_id] => 4
                    [relation_title] => 
                    [phone] => 13685900004
                )

            [4] => Array
                (
                    [relation_id] => 5
                    [relation_title] => 
                    [phone] => 13685900005
                )

            [5] => Array
                (
                    [relation_id] => 6
                    [relation_title] => 
                    [phone] => 13685900006
                )

        )

    [school_id] => 4
)


[2017-01-17 10:28:17]
Array
(
    [parent_list] => 
    [school_id] => 4
)


