[2017-01-18 18:42:26]
-------1--------

[2017-01-18 18:42:26]
-------2--------Array
(
    [school_id] => 4
)


[2017-01-18 18:42:32]
-------1--------

[2017-01-18 18:42:32]
-------2--------Array
(
    [school_id] => 4
)


[2017-01-18 18:42:42]
-------1--------

[2017-01-18 18:42:42]
-------2--------Array
(
    [school_id] => 4
)


[2017-01-18 18:42:44]
-------1--------

[2017-01-18 18:42:44]
-------2--------Array
(
    [school_id] => 4
)


[2017-01-18 18:43:08]
-------1--------Array
(
    [0] => 1
    [1] => 2017-01-18
    [2] => 37
)


[2017-01-18 18:43:08]
-------2--------Array
(
    [id] => 1694
    [parent0] => Array
        (
            [id] => 44
            [relation_id] => 2
            [relation_title] => 妈妈
            [phone] => 13985123456
        )

    [parent1] => Array
        (
            [id] => 45
            [relation_id] => 1
            [relation_title] => 爸爸
            [phone] => 13965123459
        )

    [parent2] => Array
        (
            [id] => 58
            [relation_id] => 3
            [relation_title] => 爷爷
            [phone] => 15296456789
        )

    [name] => 万能福
    [school_id] => 4
)


[2017-01-18 18:45:23]
-------1--------

[2017-01-18 18:45:23]
-------2--------Array
(
    [school_id] => 4
)


[2017-01-18 18:45:36]
-------1--------

[2017-01-18 18:45:36]
-------2--------Array
(
    [school_id] => 4
)


[2017-01-18 18:45:39]
-------1--------Array
(
    [0] => Array
        (
            [relation_id] => 2
            [relation_title] => 妈妈
            [phone] => 13985248653
        )

    [1] => Array
        (
            [relation_id] => 1
            [relation_title] => 爸爸
            [phone] => 13965487952
        )

    [2] => Array
        (
            [relation_id] => 3
            [relation_title] => 爷爷
            [phone] => 15296328521
        )

)


[2017-01-18 18:45:39]
-------2--------Array
(
    [id] => 1694
    [name] => 万能福
    [gender] => 1
    [birthday] => 2017-01-18
    [class_id] => 37
    [school_id] => 4
)


[2017-01-18 18:45:39]
------3---------Array
(
    [relation_id] => 2
    [relation_title] => 妈妈
    [phone] => 13985248653
    [school_id] => 4
    [type] => 1
    [status] => 1
    [class_id] => 37
)


[2017-01-18 18:45:39]
------4---------Array
(
    [phone] => 该手机号码家长已存在
)


[2017-01-18 18:45:39]
------3---------Array
(
    [relation_id] => 1
    [relation_title] => 爸爸
    [phone] => 13965487952
    [school_id] => 4
    [type] => 1
    [status] => 1
    [class_id] => 37
)


[2017-01-18 18:45:39]
------4---------Array
(
    [phone] => 该手机号码家长已存在
)


[2017-01-18 18:45:39]
------3---------Array
(
    [relation_id] => 3
    [relation_title] => 爷爷
    [phone] => 15296328521
    [school_id] => 4
    [type] => 1
    [status] => 1
    [class_id] => 37
)


[2017-01-18 18:45:39]
------4---------Array
(
    [phone] => 该手机号码家长已存在
)


[2017-01-18 18:45:40]
-------1--------

[2017-01-18 18:45:40]
-------2--------Array
(
    [school_id] => 4
)


[2017-01-18 18:45:48]
-------1--------

[2017-01-18 18:45:48]
-------2--------Array
(
    [school_id] => 4
)


[2017-01-18 18:45:51]
-------1--------Array
(
    [0] => 1
    [1] => 2017-01-18
    [2] => 37
)


[2017-01-18 18:45:51]
-------2--------Array
(
    [id] => 1694
    [parent0] => Array
        (
            [id] => 44
            [relation_id] => 2
            [relation_title] => 妈妈
            [phone] => 13985248653
        )

    [parent1] => Array
        (
            [id] => 45
            [relation_id] => 1
            [relation_title] => 爸爸
            [phone] => 13965487952
        )

    [parent2] => Array
        (
            [id] => 58
            [relation_id] => 3
            [relation_title] => 爷爷
            [phone] => 15296328521
        )

    [name] => 万能福
    [school_id] => 4
)


[2017-01-18 18:50:01]
-------99--------Array
(
    [id] => 1694
    [parent0] => Array
        (
            [id] => 44
            [relation_id] => 2
            [relation_title] => 妈妈
            [phone] => 13985248653
        )

    [parent1] => Array
        (
            [id] => 45
            [relation_id] => 1
            [relation_title] => 爸爸
            [phone] => 13965487952
        )

    [parent2] => Array
        (
            [id] => 58
            [relation_id] => 3
            [relation_title] => 爷爷
            [phone] => 15296328521
        )

    [name] => 万能福
    [gender] => 1
    [birthday] => 2017-01-18
    [class_id] => 37
)


[2017-01-18 18:50:01]
-------1--------Array
(
    [0] => 1
    [1] => 2017-01-18
    [2] => 37
)


[2017-01-18 18:50:01]
-------2--------Array
(
    [id] => 1694
    [parent0] => Array
        (
            [id] => 44
            [relation_id] => 2
            [relation_title] => 妈妈
            [phone] => 13985248653
        )

    [parent1] => Array
        (
            [id] => 45
            [relation_id] => 1
            [relation_title] => 爸爸
            [phone] => 13965487952
        )

    [parent2] => Array
        (
            [id] => 58
            [relation_id] => 3
            [relation_title] => 爷爷
            [phone] => 15296328521
        )

    [name] => 万能福
    [school_id] => 4
)


[2017-01-18 18:50:04]
-------99--------

[2017-01-18 18:50:04]
-------1--------

[2017-01-18 18:50:04]
-------2--------Array
(
    [school_id] => 4
)


[2017-01-18 18:50:06]
-------99--------Array
(
    [id] => 1694
    [parent0] => Array
        (
            [id] => 44
            [relation_id] => 2
            [relation_title] => 妈妈
            [phone] => 13985248653
        )

    [parent1] => Array
        (
            [id] => 45
            [relation_id] => 1
            [relation_title] => 爸爸
            [phone] => 13965487952
        )

    [parent2] => Array
        (
            [id] => 58
            [relation_id] => 3
            [relation_title] => 爷爷
            [phone] => 15296328521
        )

    [name] => 万能福
    [gender] => 1
    [birthday] => 2017-01-18
    [class_id] => 37
)


[2017-01-18 18:50:06]
-------1--------Array
(
    [0] => 1
    [1] => 2017-01-18
    [2] => 37
)


[2017-01-18 18:50:06]
-------2--------Array
(
    [id] => 1694
    [parent0] => Array
        (
            [id] => 44
            [relation_id] => 2
            [relation_title] => 妈妈
            [phone] => 13985248653
        )

    [parent1] => Array
        (
            [id] => 45
            [relation_id] => 1
            [relation_title] => 爸爸
            [phone] => 13965487952
        )

    [parent2] => Array
        (
            [id] => 58
            [relation_id] => 3
            [relation_title] => 爷爷
            [phone] => 15296328521
        )

    [name] => 万能福
    [school_id] => 4
)


[2017-01-18 18:51:16]
-------99--------

[2017-01-18 18:51:16]
-------1--------

[2017-01-18 18:51:16]
-------2--------Array
(
    [school_id] => 4
)


[2017-01-18 18:51:18]
-------99--------Array
(
    [id] => 1694
    [name] => 万能福
    [gender] => 1
    [birthday] => 2017-01-18
    [class_id] => 37
    [parent0] => Array
        (
            [relation_id] => 2
            [relation_title] => 妈妈
            [phone] => 13985248653
        )

    [parent1] => Array
        (
            [relation_id] => 1
            [relation_title] => 爸爸
            [phone] => 13965487952
        )

    [parent2] => Array
        (
            [relation_id] => 3
            [relation_title] => 爷爷
            [phone] => 15296328521
        )

)


[2017-01-18 18:51:18]
-------1--------Array
(
    [0] => Array
        (
            [relation_id] => 2
            [relation_title] => 妈妈
            [phone] => 13985248653
        )

    [1] => Array
        (
            [relation_id] => 1
            [relation_title] => 爸爸
            [phone] => 13965487952
        )

    [2] => Array
        (
            [relation_id] => 3
            [relation_title] => 爷爷
            [phone] => 15296328521
        )

)


[2017-01-18 18:51:18]
-------2--------Array
(
    [id] => 1694
    [name] => 万能福
    [gender] => 1
    [birthday] => 2017-01-18
    [class_id] => 37
    [school_id] => 4
)


[2017-01-18 18:51:18]
------3---------Array
(
    [relation_id] => 2
    [relation_title] => 妈妈
    [phone] => 13985248653
    [school_id] => 4
    [type] => 1
    [status] => 1
    [class_id] => 37
)


[2017-01-18 18:51:18]
------4---------Array
(
    [phone] => 该手机号码家长已存在
)


[2017-01-18 18:51:18]
------3---------Array
(
    [relation_id] => 1
    [relation_title] => 爸爸
    [phone] => 13965487952
    [school_id] => 4
    [type] => 1
    [status] => 1
    [class_id] => 37
)


[2017-01-18 18:51:18]
------4---------Array
(
    [phone] => 该手机号码家长已存在
)


[2017-01-18 18:51:18]
------3---------Array
(
    [relation_id] => 3
    [relation_title] => 爷爷
    [phone] => 15296328521
    [school_id] => 4
    [type] => 1
    [status] => 1
    [class_id] => 37
)


[2017-01-18 18:51:18]
------4---------Array
(
    [phone] => 该手机号码家长已存在
)


[2017-01-18 18:51:19]
-------99--------

[2017-01-18 18:51:19]
-------1--------

[2017-01-18 18:51:19]
-------2--------Array
(
    [school_id] => 4
)


[2017-01-18 18:52:21]
-------99--------

[2017-01-18 18:52:21]
-------1--------

[2017-01-18 18:52:21]
-------2--------Array
(
    [school_id] => 4
)


[2017-01-18 18:52:23]
-------99--------Array
(
    [id] => 1694
    [name] => 万能福
    [gender] => 1
    [birthday] => 2017-01-18
    [class_id] => 37
    [parent0] => Array
        (
            [id] => 44
            [relation_id] => 2
            [relation_title] => 妈妈
            [phone] => 13985248653
        )

    [parent1] => Array
        (
            [id] => 45
            [relation_id] => 1
            [relation_title] => 爸爸
            [phone] => 13965487952
        )

    [parent2] => Array
        (
            [id] => 58
            [relation_id] => 3
            [relation_title] => 爷爷
            [phone] => 15296328521
        )

)


[2017-01-18 18:52:23]
-------1--------Array
(
    [0] => Array
        (
            [id] => 44
            [relation_id] => 2
            [relation_title] => 妈妈
            [phone] => 13985248653
        )

    [1] => Array
        (
            [id] => 45
            [relation_id] => 1
            [relation_title] => 爸爸
            [phone] => 13965487952
        )

    [2] => Array
        (
            [id] => 58
            [relation_id] => 3
            [relation_title] => 爷爷
            [phone] => 15296328521
        )

)


[2017-01-18 18:52:23]
-------2--------Array
(
    [id] => 1694
    [name] => 万能福
    [gender] => 1
    [birthday] => 2017-01-18
    [class_id] => 37
    [school_id] => 4
)


[2017-01-18 18:52:23]
------3---------Array
(
    [id] => 44
    [relation_id] => 2
    [relation_title] => 妈妈
    [phone] => 13985248653
    [school_id] => 4
    [type] => 1
    [status] => 1
    [class_id] => 37
)


[2017-01-18 18:52:23]
------5---------44

[2017-01-18 18:52:23]
-------6--------44

[2017-01-18 18:52:23]
------3---------Array
(
    [id] => 45
    [relation_id] => 1
    [relation_title] => 爸爸
    [phone] => 13965487952
    [school_id] => 4
    [type] => 1
    [status] => 1
    [class_id] => 37
)


[2017-01-18 18:52:23]
------5---------45

[2017-01-18 18:52:23]
-------6--------45

[2017-01-18 18:52:23]
------3---------Array
(
    [id] => 58
    [relation_id] => 3
    [relation_title] => 爷爷
    [phone] => 15296328521
    [school_id] => 4
    [type] => 1
    [status] => 1
    [class_id] => 37
)


[2017-01-18 18:52:23]
------5---------58

[2017-01-18 18:52:23]
-------6--------58

[2017-01-18 18:52:25]
-------99--------

[2017-01-18 18:52:25]
-------1--------

[2017-01-18 18:52:25]
-------2--------Array
(
    [school_id] => 4
)


[2017-01-18 18:53:37]
-------99--------Array
(
    [id] => 1694
    [name] => 万能福
    [gender] => 1
    [birthday] => 2017-01-18
    [class_id] => 37
    [parent0] => Array
        (
            [id] => 44
            [relation_id] => 2
            [relation_title] => 妈妈
            [phone] => 13985248999
        )

    [parent1] => Array
        (
            [id] => 45
            [relation_id] => 1
            [relation_title] => 爸爸
            [phone] => 13965487666
        )

    [parent2] => Array
        (
            [id] => 58
            [relation_id] => 3
            [relation_title] => 爷爷
            [phone] => 15296328333
        )

)


[2017-01-18 18:53:37]
-------1--------Array
(
    [0] => Array
        (
            [id] => 44
            [relation_id] => 2
            [relation_title] => 妈妈
            [phone] => 13985248999
        )

    [1] => Array
        (
            [id] => 45
            [relation_id] => 1
            [relation_title] => 爸爸
            [phone] => 13965487666
        )

    [2] => Array
        (
            [id] => 58
            [relation_id] => 3
            [relation_title] => 爷爷
            [phone] => 15296328333
        )

)


[2017-01-18 18:53:37]
-------2--------Array
(
    [id] => 1694
    [name] => 万能福
    [gender] => 1
    [birthday] => 2017-01-18
    [class_id] => 37
    [school_id] => 4
)


[2017-01-18 18:53:38]
------3---------Array
(
    [id] => 44
    [relation_id] => 2
    [relation_title] => 妈妈
    [phone] => 13985248999
    [school_id] => 4
    [type] => 1
    [status] => 1
    [class_id] => 37
)


[2017-01-18 18:53:38]
------5---------44

[2017-01-18 18:53:38]
-------6--------44

[2017-01-18 18:53:38]
------3---------Array
(
    [id] => 45
    [relation_id] => 1
    [relation_title] => 爸爸
    [phone] => 13965487666
    [school_id] => 4
    [type] => 1
    [status] => 1
    [class_id] => 37
)


[2017-01-18 18:53:38]
------5---------45

[2017-01-18 18:53:38]
-------6--------45

[2017-01-18 18:53:38]
------3---------Array
(
    [id] => 58
    [relation_id] => 3
    [relation_title] => 爷爷
    [phone] => 15296328333
    [school_id] => 4
    [type] => 1
    [status] => 1
    [class_id] => 37
)


[2017-01-18 18:53:38]
------5---------58

[2017-01-18 18:53:38]
-------6--------58

[2017-01-18 18:53:39]
-------99--------

[2017-01-18 18:53:39]
-------1--------

[2017-01-18 18:53:39]
-------2--------Array
(
    [school_id] => 4
)


[2017-01-18 18:54:17]
-------99--------

[2017-01-18 18:54:17]
-------1--------

[2017-01-18 18:54:17]
-------2--------Array
(
    [school_id] => 4
)


[2017-01-18 18:55:08]
-------99--------Array
(
    [name] => 阿萨姆
    [gender] => 1
    [birthday] => 2017-01-18
    [class_id] => 37
    [status] => 1
    [parent1] => Array
        (
            [relation_id] => 1
            [relation_title] => 
            [phone] => 18700020009
            [id] => 
        )

    [parent2] => Array
        (
            [relation_id] => 2
            [relation_title] => 
            [phone] => 18700070008
            [id] => 
        )

)


[2017-01-18 18:55:08]
-------1--------Array
(
    [0] => Array
        (
            [relation_id] => 1
            [relation_title] => 
            [phone] => 18700020009
            [id] => 
        )

    [1] => Array
        (
            [relation_id] => 2
            [relation_title] => 
            [phone] => 18700070008
            [id] => 
        )

)


[2017-01-18 18:55:08]
-------2--------Array
(
    [name] => 阿萨姆
    [gender] => 1
    [birthday] => 2017-01-18
    [class_id] => 37
    [status] => 1
    [school_id] => 4
)


[2017-01-18 18:55:08]
------3---------Array
(
    [relation_id] => 1
    [relation_title] => 
    [phone] => 18700020009
    [id] => 
    [school_id] => 4
    [type] => 1
    [status] => 1
    [class_id] => 37
)


[2017-01-18 18:55:08]
------5---------84

[2017-01-18 18:55:08]
------3---------Array
(
    [relation_id] => 2
    [relation_title] => 
    [phone] => 18700070008
    [id] => 
    [school_id] => 4
    [type] => 1
    [status] => 1
    [class_id] => 37
)


[2017-01-18 18:55:08]
------5---------85

[2017-01-18 18:55:10]
-------99--------

[2017-01-18 18:55:10]
-------1--------

[2017-01-18 18:55:10]
-------2--------Array
(
    [school_id] => 4
)


[2017-01-18 18:55:23]
-------99--------

[2017-01-18 18:55:23]
-------1--------

[2017-01-18 18:55:23]
-------2--------Array
(
    [school_id] => 4
)


[2017-01-18 18:56:04]
-------99--------Array
(
    [id] => 1694
    [name] => 万能福
    [gender] => 1
    [birthday] => 2017-01-18
    [class_id] => 37
    [parent0] => Array
        (
            [id] => 44
            [relation_id] => 2
            [relation_title] => 妈妈
            [phone] => 13985248999
        )

    [parent1] => Array
        (
            [id] => 45
            [relation_id] => 1
            [relation_title] => 爸爸
            [phone] => 13965487666
        )

    [parent2] => Array
        (
            [id] => 58
            [relation_id] => 3
            [relation_title] => 爷爷
            [phone] => 15296328333
        )

    [parent4] => Array
        (
            [relation_id] => 4
            [relation_title] => 
            [phone] => 14714714725
            [id] => 
        )

    [parent5] => Array
        (
            [relation_id] => 5
            [relation_title] => 
            [phone] => 14714714732
            [id] => 
        )

    [parent6] => Array
        (
            [relation_id] => 99
            [relation_title] => 舅舅
            [phone] => 14714714745
            [id] => 
        )

)


[2017-01-18 18:56:04]
-------1--------Array
(
    [0] => Array
        (
            [id] => 44
            [relation_id] => 2
            [relation_title] => 妈妈
            [phone] => 13985248999
        )

    [1] => Array
        (
            [id] => 45
            [relation_id] => 1
            [relation_title] => 爸爸
            [phone] => 13965487666
        )

    [2] => Array
        (
            [id] => 58
            [relation_id] => 3
            [relation_title] => 爷爷
            [phone] => 15296328333
        )

    [3] => Array
        (
            [relation_id] => 4
            [relation_title] => 
            [phone] => 14714714725
            [id] => 
        )

    [4] => Array
        (
            [relation_id] => 5
            [relation_title] => 
            [phone] => 14714714732
            [id] => 
        )

    [5] => Array
        (
            [relation_id] => 99
            [relation_title] => 舅舅
            [phone] => 14714714745
            [id] => 
        )

)


[2017-01-18 18:56:04]
-------2--------Array
(
    [id] => 1694
    [name] => 万能福
    [gender] => 1
    [birthday] => 2017-01-18
    [class_id] => 37
    [school_id] => 4
)


[2017-01-18 18:56:04]
------3---------Array
(
    [id] => 44
    [relation_id] => 2
    [relation_title] => 妈妈
    [phone] => 13985248999
    [school_id] => 4
    [type] => 1
    [status] => 1
    [class_id] => 37
)


[2017-01-18 18:56:04]
------5---------44

[2017-01-18 18:56:04]
-------6--------44

[2017-01-18 18:56:04]
------3---------Array
(
    [id] => 45
    [relation_id] => 1
    [relation_title] => 爸爸
    [phone] => 13965487666
    [school_id] => 4
    [type] => 1
    [status] => 1
    [class_id] => 37
)


[2017-01-18 18:56:04]
------5---------45

[2017-01-18 18:56:04]
-------6--------45

[2017-01-18 18:56:04]
------3---------Array
(
    [id] => 58
    [relation_id] => 3
    [relation_title] => 爷爷
    [phone] => 15296328333
    [school_id] => 4
    [type] => 1
    [status] => 1
    [class_id] => 37
)


[2017-01-18 18:56:04]
------5---------58

[2017-01-18 18:56:04]
-------6--------58

[2017-01-18 18:56:04]
------3---------Array
(
    [relation_id] => 4
    [relation_title] => 
    [phone] => 14714714725
    [id] => 
    [school_id] => 4
    [type] => 1
    [status] => 1
    [class_id] => 37
)


[2017-01-18 18:56:04]
------5---------86

[2017-01-18 18:56:04]
------3---------Array
(
    [relation_id] => 5
    [relation_title] => 
    [phone] => 14714714732
    [id] => 
    [school_id] => 4
    [type] => 1
    [status] => 1
    [class_id] => 37
)


[2017-01-18 18:56:04]
------5---------87

[2017-01-18 18:56:04]
------3---------Array
(
    [relation_id] => 99
    [relation_title] => 舅舅
    [phone] => 14714714745
    [id] => 
    [school_id] => 4
    [type] => 1
    [status] => 1
    [class_id] => 37
)


[2017-01-18 18:56:04]
------5---------88

[2017-01-18 18:56:06]
-------99--------

[2017-01-18 18:56:06]
-------1--------

[2017-01-18 18:56:06]
-------2--------Array
(
    [school_id] => 4
)


