[2017-01-18 18:15:40]
-----------1Array
(
    [relation_id] => 2
    [relation_title] => 妈妈
    [phone] => 13985248000
)


[2017-01-18 18:15:40]
-----------466

[2017-01-18 18:15:40]
-----------3Array
(
    [relation_id] => 相同家长（，13985248653）称谓学生关联已经存在
)


[2017-01-18 18:15:40]
-----------1Array
(
    [relation_id] => 1
    [relation_title] => 爸爸
    [phone] => 13965487111
)


[2017-01-18 18:15:40]
-----------467

[2017-01-18 18:15:40]
-----------3Array
(
    [relation_id] => 相同家长（，13965487952）称谓学生关联已经存在
)


[2017-01-18 18:15:40]
-----------1Array
(
    [relation_id] => 3
    [relation_title] => 爷爷
    [phone] => 15296328222
)


[2017-01-18 18:15:40]
-----------468

[2017-01-18 18:15:40]
-----------3Array
(
    [relation_id] => 相同家长（，15296328521）称谓学生关联已经存在
)


[2017-01-18 18:26:04]
Array
(
    [relation_id] => 相同家长（妈妈，13985248653）称谓学生关联已经存在
)


[2017-01-18 18:26:04]
Array
(
    [relation_id] => 相同家长（爸爸，13965487952）称谓学生关联已经存在
)


[2017-01-18 18:26:04]
Array
(
    [relation_id] => 相同家长（爷爷，15296328521）称谓学生关联已经存在
)


[2017-01-18 18:28:46]
75

[2017-01-18 18:28:46]
Array
(
    [relation_id] => 相同家长（妈妈，13985248653）称谓学生关联已经存在
)


[2017-01-18 18:28:46]
76

[2017-01-18 18:28:46]
Array
(
    [relation_id] => 相同家长（爸爸，13965487952）称谓学生关联已经存在
)


[2017-01-18 18:28:46]
77

[2017-01-18 18:28:46]
Array
(
    [relation_id] => 相同家长（爷爷，15296328521）称谓学生关联已经存在
)


[2017-01-18 18:30:19]
78

[2017-01-18 18:30:19]
Array
(
    [relation_id] => 相同家长（妈妈，13985248653）称谓学生关联已经存在
)


[2017-01-18 18:30:19]
79

[2017-01-18 18:30:19]
Array
(
    [relation_id] => 相同家长（爸爸，13965487952）称谓学生关联已经存在
)


[2017-01-18 18:30:19]
80

[2017-01-18 18:30:19]
Array
(
    [relation_id] => 相同家长（爷爷，15296328521）称谓学生关联已经存在
)


